<?xml version="1.0" encoding="UTF-8"?>
<!-- Generated by org.testng.reporters.JUnitXMLReporter -->
<testsuite hostname="Vigneshs-MBP.fios-router.home" ignored="0" name="FirefoxTest(failed)" tests="2" failures="0" timestamp="03 Jun 2017 17:09:26 GMT" time="0.176" errors="0">
  <testcase name="@BeforeClass setUp" time="0.0" classname="test.AbstractWebDriverTest">
    <failure type="java.lang.IllegalStateException" message="The path to the driver executable must be set by the webdriver.gecko.driver system property; for more information, see https://github.com/mozilla/geckodriver. The latest version can be downloaded from https://github.com/mozilla/geckodriver/releases">
      <![CDATA[java.lang.IllegalStateException: The path to the driver executable must be set by the webdriver.gecko.driver system property; for more information, see https://github.com/mozilla/geckodriver. The latest version can be downloaded from https://github.com/mozilla/geckodriver/releases
	at com.google.common.base.Preconditions.checkState(Preconditions.java:738)
	at org.openqa.selenium.remote.service.DriverService.findExecutable(DriverService.java:124)
	at org.openqa.selenium.firefox.GeckoDriverService.access$100(GeckoDriverService.java:41)
	at org.openqa.selenium.firefox.GeckoDriverService$Builder.findDefaultExecutable(GeckoDriverService.java:115)
	at org.openqa.selenium.remote.service.DriverService$Builder.build(DriverService.java:330)
	at org.openqa.selenium.firefox.FirefoxDriver.toExecutor(FirefoxDriver.java:207)
	at org.openqa.selenium.firefox.FirefoxDriver.<init>(FirefoxDriver.java:108)
	at org.openqa.selenium.firefox.FirefoxDriver.<init>(FirefoxDriver.java:104)
	at test.AbstractWebDriverTest.setUp(AbstractWebDriverTest.java:38)
... Removed 25 stack frames]]>
    </failure>
  </testcase> <!-- @BeforeClass setUp -->
  <testcase name="@AfterClass shutDown" time="0.0" classname="test.AbstractWebDriverTest">
    <skipped/>
  </testcase> <!-- @AfterClass shutDown -->
  <testcase name="verifySearchResultGreaterThanZero" time="0.002" classname="test.AssessmentTest">
    <skipped/>
  </testcase> <!-- verifySearchResultGreaterThanZero -->
  <testcase name="verifySearchPriceMatchesViewDetailsPrice" time="0.001" classname="test.AssessmentTest">
    <skipped/>
  </testcase> <!-- verifySearchPriceMatchesViewDetailsPrice -->
</testsuite> <!-- FirefoxTest(failed) -->
